[debug] [2023-06-15T19:01:24.061Z] ----------------------------------------------------------------------
[debug] [2023-06-15T19:01:24.062Z] Command:       C:\Program Files\nodejs\node.exe C:\Users\sobie\AppData\Roaming\npm\node_modules\firebase-tools\lib\bin\firebase.js init
[debug] [2023-06-15T19:01:24.062Z] CLI Version:   12.3.1
[debug] [2023-06-15T19:01:24.063Z] Platform:      win32
[debug] [2023-06-15T19:01:24.063Z] Node Version:  v18.13.0
[debug] [2023-06-15T19:01:24.064Z] Time:          Thu Jun 15 2023 21:01:24 GMT+0200 (czas środkowoeuropejski letni)
[debug] [2023-06-15T19:01:24.064Z] ----------------------------------------------------------------------
[debug] 
[debug] [2023-06-15T19:01:24.068Z] > command requires scopes: ["email","openid","https://www.googleapis.com/auth/cloudplatformprojects.readonly","https://www.googleapis.com/auth/firebase","https://www.googleapis.com/auth/cloud-platform"]
[debug] [2023-06-15T19:01:24.068Z] > authorizing via signed-in user (sobieraj95@gmail.com)
[info] 
     ######## #### ########  ######## ########     ###     ######  ########
     ##        ##  ##     ## ##       ##     ##  ##   ##  ##       ##
     ######    ##  ########  ######   ########  #########  ######  ######
     ##        ##  ##    ##  ##       ##     ## ##     ##       ## ##
     ##       #### ##     ## ######## ########  ##     ##  ######  ########

You're about to initialize a Firebase project in this directory:

  C:\Praca\shirusushiv3

Before we get started, keep in mind:

  * You are currently outside your home directory

[debug] [2023-06-15T19:01:53.509Z] ----------------------------------------------------------------------
[debug] [2023-06-15T19:01:53.510Z] Command:       C:\Program Files\nodejs\node.exe C:\Users\sobie\AppData\Roaming\npm\node_modules\firebase-tools\lib\bin\firebase.js init
[debug] [2023-06-15T19:01:53.510Z] CLI Version:   12.3.1
[debug] [2023-06-15T19:01:53.511Z] Platform:      win32
[debug] [2023-06-15T19:01:53.511Z] Node Version:  v18.13.0
[debug] [2023-06-15T19:01:53.511Z] Time:          Thu Jun 15 2023 21:01:53 GMT+0200 (czas środkowoeuropejski letni)
[debug] [2023-06-15T19:01:53.511Z] ----------------------------------------------------------------------
[debug] 
[debug] [2023-06-15T19:01:53.516Z] > command requires scopes: ["email","openid","https://www.googleapis.com/auth/cloudplatformprojects.readonly","https://www.googleapis.com/auth/firebase","https://www.googleapis.com/auth/cloud-platform"]
[debug] [2023-06-15T19:01:53.516Z] > authorizing via signed-in user (sobieraj95@gmail.com)
[info] 
     ######## #### ########  ######## ########     ###     ######  ########
     ##        ##  ##     ## ##       ##     ##  ##   ##  ##       ##
     ######    ##  ########  ######   ########  #########  ######  ######
     ##        ##  ##    ##  ##       ##     ## ##     ##       ## ##
     ##       #### ##     ## ######## ########  ##     ##  ######  ########

You're about to initialize a Firebase project in this directory:

  C:\Praca\shirusushiv3

Before we get started, keep in mind:

  * You are currently outside your home directory

